Arguments: 
  /Users/peng/.nvm/versions/node/v14.4.0/bin/node /Users/peng/.yarn/bin/yarn.js add -D @types/umi

PATH: 
  /Users/peng/.gvm/bin:/Users/peng/.yarn/bin:/Users/peng/.config/yarn/global/node_modules/.bin:/Users/peng/go/bin:/Users/peng/.nvm/versions/node/v14.4.0/bin:/usr/local/bin:/usr/bin:/bin:/usr/sbin:/sbin:/usr/local/go/bin:/usr/local/share/dotnet:~/.dotnet/tools:/Library/Apple/usr/bin:/Library/Frameworks/Mono.framework/Versions/Current/Commands:/Applications/Wireshark.app/Contents/MacOS:/usr/local/Cellar/go/1.14.2_1/libexec/bin:/Users/peng/Golang/bin

Yarn version: 
  1.22.0

Node version: 
  14.4.0

Platform: 
  darwin x64

Trace: 
  Error: https://registry.npm.taobao.org/@types%2fumi: Not found
      at Request.params.callback [as _callback] (/Users/peng/.yarn/lib/cli.js:66975:18)
      at Request.self.callback (/Users/peng/.yarn/lib/cli.js:140727:22)
      at Request.emit (events.js:315:20)
      at Request.<anonymous> (/Users/peng/.yarn/lib/cli.js:141699:10)
      at Request.emit (events.js:315:20)
      at IncomingMessage.<anonymous> (/Users/peng/.yarn/lib/cli.js:141621:12)
      at Object.onceWrapper (events.js:421:28)
      at IncomingMessage.emit (events.js:327:22)
      at endReadableNT (_stream_readable.js:1224:12)
      at processTicksAndRejections (internal/process/task_queues.js:84:21)

npm manifest: 
  {
    "name": "request-error-handler",
    "version": "1.0.0",
    "main": "src/index.ts",
    "repository": "https://github.com/umi-codes/request-error-handler",
    "author": "robin.peng",
    "license": "MIT"
  }

yarn manifest: 
  No manifest

Lockfile: 
  No lockfile
